INFO  2019-11-17 04:56:12,003 [Mule.app.deployer.monitor.1.thread.1] org.mule.module.launcher.application.DefaultMuleApplication: 
++++++++++++++++++++++++++++++++++++++++++++++++++++++++++++
+ Initializing app 'contact-management-prc-api'            +
++++++++++++++++++++++++++++++++++++++++++++++++++++++++++++
INFO  2019-11-17 04:56:12,018 [Mule.app.deployer.monitor.1.thread.1] org.mule.lifecycle.AbstractLifecycleManager: Initialising RegistryBroker
INFO  2019-11-17 04:56:12,029 [Mule.app.deployer.monitor.1.thread.1] org.mule.module.extension.internal.manager.DefaultExtensionManager: Starting discovery of extensions
INFO  2019-11-17 04:56:12,057 [Mule.app.deployer.monitor.1.thread.1] org.mule.module.extension.internal.manager.DefaultExtensionManager: Discovered 1 extensions
INFO  2019-11-17 04:56:12,057 [Mule.app.deployer.monitor.1.thread.1] org.mule.module.extension.internal.manager.DefaultExtensionManager: Registering extension validation (version 3.9)
INFO  2019-11-17 04:56:12,062 [Mule.app.deployer.monitor.1.thread.1] org.mule.config.spring.MuleArtifactContext: Refreshing org.mule.config.spring.MuleArtifactContext@5c27edd2: startup date [Sun Nov 17 04:56:12 EST 2019]; root of context hierarchy
INFO  2019-11-17 04:56:12,603 [Mule.app.deployer.monitor.1.thread.1] org.mule.lifecycle.AbstractLifecycleManager: Disposing RegistryBroker
ERROR 2019-11-17 04:56:12,606 [Mule.app.deployer.monitor.1.thread.1] org.mule.module.launcher.application.DefaultMuleApplication: null
org.xml.sax.SAXParseException: cvc-complex-type.4: Attribute 'name' must appear on element 'db:in-param'.
	at com.sun.org.apache.xerces.internal.util.ErrorHandlerWrapper.createSAXParseException(ErrorHandlerWrapper.java:203) ~[?:1.8.0_101]
	at com.sun.org.apache.xerces.internal.util.ErrorHandlerWrapper.error(ErrorHandlerWrapper.java:134) ~[?:1.8.0_101]
	at com.sun.org.apache.xerces.internal.impl.XMLErrorReporter.reportError(XMLErrorReporter.java:396) ~[?:1.8.0_101]
	at com.sun.org.apache.xerces.internal.impl.XMLErrorReporter.reportError(XMLErrorReporter.java:327) ~[?:1.8.0_101]
	at com.sun.org.apache.xerces.internal.impl.XMLErrorReporter.reportError(XMLErrorReporter.java:284) ~[?:1.8.0_101]
	at com.sun.org.apache.xerces.internal.impl.xs.XMLSchemaValidator$XSIErrorReporter.reportError(XMLSchemaValidator.java:452) ~[?:1.8.0_101]
	at com.sun.org.apache.xerces.internal.impl.xs.XMLSchemaValidator.reportSchemaError(XMLSchemaValidator.java:3230) ~[?:1.8.0_101]
	at com.sun.org.apache.xerces.internal.impl.xs.XMLSchemaValidator.addDefaultAttributes(XMLSchemaValidator.java:2936) ~[?:1.8.0_101]
	at com.sun.org.apache.xerces.internal.impl.xs.XMLSchemaValidator.handleStartElement(XMLSchemaValidator.java:2054) ~[?:1.8.0_101]
	at com.sun.org.apache.xerces.internal.impl.xs.XMLSchemaValidator.emptyElement(XMLSchemaValidator.java:760) ~[?:1.8.0_101]
	at com.sun.org.apache.xerces.internal.impl.XMLNSDocumentScannerImpl.scanStartElement(XMLNSDocumentScannerImpl.java:357) ~[?:1.8.0_101]
	at com.sun.org.apache.xerces.internal.impl.XMLDocumentFragmentScannerImpl$FragmentContentDriver.next(XMLDocumentFragmentScannerImpl.java:2781) ~[?:1.8.0_101]
	at com.sun.org.apache.xerces.internal.impl.XMLDocumentScannerImpl.next(XMLDocumentScannerImpl.java:606) ~[?:1.8.0_101]
	at com.sun.org.apache.xerces.internal.impl.XMLNSDocumentScannerImpl.next(XMLNSDocumentScannerImpl.java:118) ~[?:1.8.0_101]
	at com.sun.org.apache.xerces.internal.impl.XMLDocumentFragmentScannerImpl.scanDocument(XMLDocumentFragmentScannerImpl.java:504) ~[?:1.8.0_101]
	at com.sun.org.apache.xerces.internal.parsers.XML11Configuration.parse(XML11Configuration.java:848) ~[?:1.8.0_101]
	at com.sun.org.apache.xerces.internal.parsers.XML11Configuration.parse(XML11Configuration.java:777) ~[?:1.8.0_101]
	at com.sun.org.apache.xerces.internal.parsers.XMLParser.parse(XMLParser.java:141) ~[?:1.8.0_101]
	at com.sun.org.apache.xerces.internal.parsers.DOMParser.parse(DOMParser.java:243) ~[?:1.8.0_101]
	at com.sun.org.apache.xerces.internal.jaxp.DocumentBuilderImpl.parse(DocumentBuilderImpl.java:339) ~[?:1.8.0_101]
	at org.springframework.beans.factory.xml.DefaultDocumentLoader.loadDocument(DefaultDocumentLoader.java:76) ~[spring-beans-4.1.9.RELEASE.jar:4.1.9.RELEASE]
	at org.mule.config.spring.MuleDocumentLoader.loadDocument(MuleDocumentLoader.java:91) ~[mule-module-spring-config-3.9.3.jar:3.9.3]
	at org.springframework.beans.factory.xml.XmlBeanDefinitionReader.doLoadDocument(XmlBeanDefinitionReader.java:429) ~[spring-beans-4.1.9.RELEASE.jar:4.1.9.RELEASE]
	at org.springframework.beans.factory.xml.XmlBeanDefinitionReader.doLoadBeanDefinitions(XmlBeanDefinitionReader.java:391) ~[spring-beans-4.1.9.RELEASE.jar:4.1.9.RELEASE]
	at org.springframework.beans.factory.xml.XmlBeanDefinitionReader.loadBeanDefinitions(XmlBeanDefinitionReader.java:336) ~[spring-beans-4.1.9.RELEASE.jar:4.1.9.RELEASE]
	at org.springframework.beans.factory.xml.XmlBeanDefinitionReader.loadBeanDefinitions(XmlBeanDefinitionReader.java:304) ~[spring-beans-4.1.9.RELEASE.jar:4.1.9.RELEASE]
	at org.springframework.beans.factory.support.AbstractBeanDefinitionReader.loadBeanDefinitions(AbstractBeanDefinitionReader.java:181) ~[spring-beans-4.1.9.RELEASE.jar:4.1.9.RELEASE]
	at org.mule.config.spring.MuleArtifactContext.loadBeanDefinitions(MuleArtifactContext.java:199) ~[mule-module-spring-config-3.9.3.jar:3.9.3]
	at org.springframework.context.support.AbstractRefreshableApplicationContext.refreshBeanFactory(AbstractRefreshableApplicationContext.java:129) ~[spring-context-4.1.9.RELEASE.jar:4.1.9.RELEASE]
	at org.springframework.context.support.AbstractApplicationContext.obtainFreshBeanFactory(AbstractApplicationContext.java:541) ~[spring-context-4.1.9.RELEASE.jar:4.1.9.RELEASE]
	at org.springframework.context.support.AbstractApplicationContext.refresh(AbstractApplicationContext.java:452) ~[spring-context-4.1.9.RELEASE.jar:4.1.9.RELEASE]
	at org.mule.config.spring.SpringRegistry.doInitialise(SpringRegistry.java:108) ~[mule-module-spring-config-3.9.3.jar:3.9.3]
	at org.mule.registry.AbstractRegistry.initialise(AbstractRegistry.java:104) ~[mule-core-3.9.3.jar:3.9.3]
	at org.mule.config.spring.SpringXmlConfigurationBuilder.createSpringRegistry(SpringXmlConfigurationBuilder.java:177) ~[mule-module-spring-config-3.9.3.jar:3.9.3]
	at org.mule.config.spring.SpringXmlConfigurationBuilder.doConfigure(SpringXmlConfigurationBuilder.java:100) ~[mule-module-spring-config-3.9.3.jar:3.9.3]
	at org.mule.config.builders.AbstractConfigurationBuilder.configure(AbstractConfigurationBuilder.java:43) ~[mule-core-3.9.3.jar:3.9.3]
	at org.mule.config.builders.AbstractResourceConfigurationBuilder.configure(AbstractResourceConfigurationBuilder.java:69) ~[mule-core-3.9.3.jar:3.9.3]
	at org.mule.config.builders.AutoConfigurationBuilder.autoConfigure(AutoConfigurationBuilder.java:102) ~[mule-core-3.9.3.jar:3.9.3]
	at org.mule.config.builders.AutoConfigurationBuilder.doConfigure(AutoConfigurationBuilder.java:54) ~[mule-core-3.9.3.jar:3.9.3]
	at org.mule.config.builders.AbstractConfigurationBuilder.configure(AbstractConfigurationBuilder.java:43) ~[mule-core-3.9.3.jar:3.9.3]
	at org.mule.config.builders.AbstractResourceConfigurationBuilder.configure(AbstractResourceConfigurationBuilder.java:69) ~[mule-core-3.9.3.jar:3.9.3]
	at org.mule.context.DefaultMuleContextFactory$1.configure(DefaultMuleContextFactory.java:89) ~[mule-core-3.9.3.jar:3.9.3]
	at org.mule.context.DefaultMuleContextFactory.doCreateMuleContext(DefaultMuleContextFactory.java:222) ~[mule-core-3.9.3.jar:3.9.3]
	at org.mule.context.DefaultMuleContextFactory.createMuleContext(DefaultMuleContextFactory.java:81) ~[mule-core-3.9.3.jar:3.9.3]
	at org.mule.module.launcher.application.DefaultMuleApplication.init(DefaultMuleApplication.java:210) ~[mule-module-launcher-3.9.3.jar:3.9.3]
	at org.mule.module.launcher.artifact.ArtifactWrapper$2.execute(ArtifactWrapper.java:64) ~[mule-module-launcher-3.9.3.jar:3.9.3]
	at org.mule.module.launcher.artifact.ArtifactWrapper.executeWithinArtifactClassLoader(ArtifactWrapper.java:137) ~[mule-module-launcher-3.9.3.jar:3.9.3]
	at org.mule.module.launcher.artifact.ArtifactWrapper.init(ArtifactWrapper.java:59) ~[mule-module-launcher-3.9.3.jar:3.9.3]
	at org.mule.module.launcher.DefaultArtifactDeployer.deploy(DefaultArtifactDeployer.java:72) ~[mule-module-launcher-3.9.3.jar:3.9.3]
	at org.mule.module.launcher.DefaultArchiveDeployer.deployArtifact(DefaultArchiveDeployer.java:547) ~[mule-module-launcher-3.9.3.jar:3.9.3]
	at org.mule.module.launcher.DefaultArchiveDeployer.deployArtifact(DefaultArchiveDeployer.java:325) ~[mule-module-launcher-3.9.3.jar:3.9.3]
	at org.mule.module.launcher.DefaultArchiveDeployer.deployExplodedApp(DefaultArchiveDeployer.java:317) ~[mule-module-launcher-3.9.3.jar:3.9.3]
	at org.mule.module.launcher.DefaultArchiveDeployer.deployExplodedArtifact(DefaultArchiveDeployer.java:100) ~[mule-module-launcher-3.9.3.jar:3.9.3]
	at org.mule.module.launcher.DeploymentDirectoryWatcher.deployExplodedApps(DeploymentDirectoryWatcher.java:299) ~[mule-module-launcher-3.9.3.jar:3.9.3]
	at org.mule.module.launcher.DeploymentDirectoryWatcher.run(DeploymentDirectoryWatcher.java:372) ~[mule-module-launcher-3.9.3.jar:3.9.3]
	at java.util.concurrent.Executors$RunnableAdapter.call(Executors.java:511) ~[?:1.8.0_101]
	at java.util.concurrent.FutureTask.runAndReset(FutureTask.java:308) ~[?:1.8.0_101]
	at java.util.concurrent.ScheduledThreadPoolExecutor$ScheduledFutureTask.access$301(ScheduledThreadPoolExecutor.java:180) ~[?:1.8.0_101]
	at java.util.concurrent.ScheduledThreadPoolExecutor$ScheduledFutureTask.run(ScheduledThreadPoolExecutor.java:294) ~[?:1.8.0_101]
	at java.util.concurrent.ThreadPoolExecutor.runWorker(ThreadPoolExecutor.java:1142) [?:1.8.0_101]
	at java.util.concurrent.ThreadPoolExecutor$Worker.run(ThreadPoolExecutor.java:617) [?:1.8.0_101]
	at java.lang.Thread.run(Thread.java:745) [?:1.8.0_101]
INFO  2019-11-17 04:56:12,607 [Mule.app.deployer.monitor.1.thread.1] org.mule.module.launcher.application.DefaultMuleApplication: App 'contact-management-prc-api' never started, nothing to dispose of
INFO  2019-11-17 05:02:38,123 [Mule.app.deployer.monitor.1.thread.1] org.mule.module.launcher.application.DefaultMuleApplication: 
++++++++++++++++++++++++++++++++++++++++++++++++++++++++++++
+ Initializing app 'contact-management-prc-api'            +
++++++++++++++++++++++++++++++++++++++++++++++++++++++++++++
INFO  2019-11-17 05:02:38,141 [Mule.app.deployer.monitor.1.thread.1] org.mule.lifecycle.AbstractLifecycleManager: Initialising RegistryBroker
INFO  2019-11-17 05:02:38,149 [Mule.app.deployer.monitor.1.thread.1] org.mule.module.extension.internal.manager.DefaultExtensionManager: Starting discovery of extensions
INFO  2019-11-17 05:02:38,193 [Mule.app.deployer.monitor.1.thread.1] org.mule.module.extension.internal.manager.DefaultExtensionManager: Discovered 1 extensions
INFO  2019-11-17 05:02:38,194 [Mule.app.deployer.monitor.1.thread.1] org.mule.module.extension.internal.manager.DefaultExtensionManager: Registering extension validation (version 3.9)
INFO  2019-11-17 05:02:38,201 [Mule.app.deployer.monitor.1.thread.1] org.mule.config.spring.MuleArtifactContext: Refreshing org.mule.config.spring.MuleArtifactContext@ea468a5: startup date [Sun Nov 17 05:02:38 EST 2019]; root of context hierarchy
INFO  2019-11-17 05:02:38,681 [Mule.app.deployer.monitor.1.thread.1] org.mule.lifecycle.AbstractLifecycleManager: Disposing RegistryBroker
ERROR 2019-11-17 05:02:38,683 [Mule.app.deployer.monitor.1.thread.1] org.mule.module.launcher.application.DefaultMuleApplication: null
org.xml.sax.SAXParseException: cvc-complex-type.4: Attribute 'name' must appear on element 'db:in-param'.
	at com.sun.org.apache.xerces.internal.util.ErrorHandlerWrapper.createSAXParseException(ErrorHandlerWrapper.java:203) ~[?:1.8.0_101]
	at com.sun.org.apache.xerces.internal.util.ErrorHandlerWrapper.error(ErrorHandlerWrapper.java:134) ~[?:1.8.0_101]
	at com.sun.org.apache.xerces.internal.impl.XMLErrorReporter.reportError(XMLErrorReporter.java:396) ~[?:1.8.0_101]
	at com.sun.org.apache.xerces.internal.impl.XMLErrorReporter.reportError(XMLErrorReporter.java:327) ~[?:1.8.0_101]
	at com.sun.org.apache.xerces.internal.impl.XMLErrorReporter.reportError(XMLErrorReporter.java:284) ~[?:1.8.0_101]
	at com.sun.org.apache.xerces.internal.impl.xs.XMLSchemaValidator$XSIErrorReporter.reportError(XMLSchemaValidator.java:452) ~[?:1.8.0_101]
	at com.sun.org.apache.xerces.internal.impl.xs.XMLSchemaValidator.reportSchemaError(XMLSchemaValidator.java:3230) ~[?:1.8.0_101]
	at com.sun.org.apache.xerces.internal.impl.xs.XMLSchemaValidator.addDefaultAttributes(XMLSchemaValidator.java:2936) ~[?:1.8.0_101]
	at com.sun.org.apache.xerces.internal.impl.xs.XMLSchemaValidator.handleStartElement(XMLSchemaValidator.java:2054) ~[?:1.8.0_101]
	at com.sun.org.apache.xerces.internal.impl.xs.XMLSchemaValidator.emptyElement(XMLSchemaValidator.java:760) ~[?:1.8.0_101]
	at com.sun.org.apache.xerces.internal.impl.XMLNSDocumentScannerImpl.scanStartElement(XMLNSDocumentScannerImpl.java:357) ~[?:1.8.0_101]
	at com.sun.org.apache.xerces.internal.impl.XMLDocumentFragmentScannerImpl$FragmentContentDriver.next(XMLDocumentFragmentScannerImpl.java:2781) ~[?:1.8.0_101]
	at com.sun.org.apache.xerces.internal.impl.XMLDocumentScannerImpl.next(XMLDocumentScannerImpl.java:606) ~[?:1.8.0_101]
	at com.sun.org.apache.xerces.internal.impl.XMLNSDocumentScannerImpl.next(XMLNSDocumentScannerImpl.java:118) ~[?:1.8.0_101]
	at com.sun.org.apache.xerces.internal.impl.XMLDocumentFragmentScannerImpl.scanDocument(XMLDocumentFragmentScannerImpl.java:504) ~[?:1.8.0_101]
	at com.sun.org.apache.xerces.internal.parsers.XML11Configuration.parse(XML11Configuration.java:848) ~[?:1.8.0_101]
	at com.sun.org.apache.xerces.internal.parsers.XML11Configuration.parse(XML11Configuration.java:777) ~[?:1.8.0_101]
	at com.sun.org.apache.xerces.internal.parsers.XMLParser.parse(XMLParser.java:141) ~[?:1.8.0_101]
	at com.sun.org.apache.xerces.internal.parsers.DOMParser.parse(DOMParser.java:243) ~[?:1.8.0_101]
	at com.sun.org.apache.xerces.internal.jaxp.DocumentBuilderImpl.parse(DocumentBuilderImpl.java:339) ~[?:1.8.0_101]
	at org.springframework.beans.factory.xml.DefaultDocumentLoader.loadDocument(DefaultDocumentLoader.java:76) ~[spring-beans-4.1.9.RELEASE.jar:4.1.9.RELEASE]
	at org.mule.config.spring.MuleDocumentLoader.loadDocument(MuleDocumentLoader.java:91) ~[mule-module-spring-config-3.9.3.jar:3.9.3]
	at org.springframework.beans.factory.xml.XmlBeanDefinitionReader.doLoadDocument(XmlBeanDefinitionReader.java:429) ~[spring-beans-4.1.9.RELEASE.jar:4.1.9.RELEASE]
	at org.springframework.beans.factory.xml.XmlBeanDefinitionReader.doLoadBeanDefinitions(XmlBeanDefinitionReader.java:391) ~[spring-beans-4.1.9.RELEASE.jar:4.1.9.RELEASE]
	at org.springframework.beans.factory.xml.XmlBeanDefinitionReader.loadBeanDefinitions(XmlBeanDefinitionReader.java:336) ~[spring-beans-4.1.9.RELEASE.jar:4.1.9.RELEASE]
	at org.springframework.beans.factory.xml.XmlBeanDefinitionReader.loadBeanDefinitions(XmlBeanDefinitionReader.java:304) ~[spring-beans-4.1.9.RELEASE.jar:4.1.9.RELEASE]
	at org.springframework.beans.factory.support.AbstractBeanDefinitionReader.loadBeanDefinitions(AbstractBeanDefinitionReader.java:181) ~[spring-beans-4.1.9.RELEASE.jar:4.1.9.RELEASE]
	at org.mule.config.spring.MuleArtifactContext.loadBeanDefinitions(MuleArtifactContext.java:199) ~[mule-module-spring-config-3.9.3.jar:3.9.3]
	at org.springframework.context.support.AbstractRefreshableApplicationContext.refreshBeanFactory(AbstractRefreshableApplicationContext.java:129) ~[spring-context-4.1.9.RELEASE.jar:4.1.9.RELEASE]
	at org.springframework.context.support.AbstractApplicationContext.obtainFreshBeanFactory(AbstractApplicationContext.java:541) ~[spring-context-4.1.9.RELEASE.jar:4.1.9.RELEASE]
	at org.springframework.context.support.AbstractApplicationContext.refresh(AbstractApplicationContext.java:452) ~[spring-context-4.1.9.RELEASE.jar:4.1.9.RELEASE]
	at org.mule.config.spring.SpringRegistry.doInitialise(SpringRegistry.java:108) ~[mule-module-spring-config-3.9.3.jar:3.9.3]
	at org.mule.registry.AbstractRegistry.initialise(AbstractRegistry.java:104) ~[mule-core-3.9.3.jar:3.9.3]
	at org.mule.config.spring.SpringXmlConfigurationBuilder.createSpringRegistry(SpringXmlConfigurationBuilder.java:177) ~[mule-module-spring-config-3.9.3.jar:3.9.3]
	at org.mule.config.spring.SpringXmlConfigurationBuilder.doConfigure(SpringXmlConfigurationBuilder.java:100) ~[mule-module-spring-config-3.9.3.jar:3.9.3]
	at org.mule.config.builders.AbstractConfigurationBuilder.configure(AbstractConfigurationBuilder.java:43) ~[mule-core-3.9.3.jar:3.9.3]
	at org.mule.config.builders.AbstractResourceConfigurationBuilder.configure(AbstractResourceConfigurationBuilder.java:69) ~[mule-core-3.9.3.jar:3.9.3]
	at org.mule.config.builders.AutoConfigurationBuilder.autoConfigure(AutoConfigurationBuilder.java:102) ~[mule-core-3.9.3.jar:3.9.3]
	at org.mule.config.builders.AutoConfigurationBuilder.doConfigure(AutoConfigurationBuilder.java:54) ~[mule-core-3.9.3.jar:3.9.3]
	at org.mule.config.builders.AbstractConfigurationBuilder.configure(AbstractConfigurationBuilder.java:43) ~[mule-core-3.9.3.jar:3.9.3]
	at org.mule.config.builders.AbstractResourceConfigurationBuilder.configure(AbstractResourceConfigurationBuilder.java:69) ~[mule-core-3.9.3.jar:3.9.3]
	at org.mule.context.DefaultMuleContextFactory$1.configure(DefaultMuleContextFactory.java:89) ~[mule-core-3.9.3.jar:3.9.3]
	at org.mule.context.DefaultMuleContextFactory.doCreateMuleContext(DefaultMuleContextFactory.java:222) ~[mule-core-3.9.3.jar:3.9.3]
	at org.mule.context.DefaultMuleContextFactory.createMuleContext(DefaultMuleContextFactory.java:81) ~[mule-core-3.9.3.jar:3.9.3]
	at org.mule.module.launcher.application.DefaultMuleApplication.init(DefaultMuleApplication.java:210) ~[mule-module-launcher-3.9.3.jar:3.9.3]
	at org.mule.module.launcher.artifact.ArtifactWrapper$2.execute(ArtifactWrapper.java:64) ~[mule-module-launcher-3.9.3.jar:3.9.3]
	at org.mule.module.launcher.artifact.ArtifactWrapper.executeWithinArtifactClassLoader(ArtifactWrapper.java:137) ~[mule-module-launcher-3.9.3.jar:3.9.3]
	at org.mule.module.launcher.artifact.ArtifactWrapper.init(ArtifactWrapper.java:59) ~[mule-module-launcher-3.9.3.jar:3.9.3]
	at org.mule.module.launcher.DefaultArtifactDeployer.deploy(DefaultArtifactDeployer.java:72) ~[mule-module-launcher-3.9.3.jar:3.9.3]
	at org.mule.module.launcher.DefaultArchiveDeployer.deployArtifact(DefaultArchiveDeployer.java:547) ~[mule-module-launcher-3.9.3.jar:3.9.3]
	at org.mule.module.launcher.DefaultArchiveDeployer.deployArtifact(DefaultArchiveDeployer.java:325) ~[mule-module-launcher-3.9.3.jar:3.9.3]
	at org.mule.module.launcher.DefaultArchiveDeployer.deployExplodedApp(DefaultArchiveDeployer.java:317) ~[mule-module-launcher-3.9.3.jar:3.9.3]
	at org.mule.module.launcher.DefaultArchiveDeployer.deployExplodedArtifact(DefaultArchiveDeployer.java:100) ~[mule-module-launcher-3.9.3.jar:3.9.3]
	at org.mule.module.launcher.DeploymentDirectoryWatcher.deployExplodedApps(DeploymentDirectoryWatcher.java:299) ~[mule-module-launcher-3.9.3.jar:3.9.3]
	at org.mule.module.launcher.DeploymentDirectoryWatcher.run(DeploymentDirectoryWatcher.java:372) ~[mule-module-launcher-3.9.3.jar:3.9.3]
	at java.util.concurrent.Executors$RunnableAdapter.call(Executors.java:511) ~[?:1.8.0_101]
	at java.util.concurrent.FutureTask.runAndReset(FutureTask.java:308) ~[?:1.8.0_101]
	at java.util.concurrent.ScheduledThreadPoolExecutor$ScheduledFutureTask.access$301(ScheduledThreadPoolExecutor.java:180) ~[?:1.8.0_101]
	at java.util.concurrent.ScheduledThreadPoolExecutor$ScheduledFutureTask.run(ScheduledThreadPoolExecutor.java:294) ~[?:1.8.0_101]
	at java.util.concurrent.ThreadPoolExecutor.runWorker(ThreadPoolExecutor.java:1142) [?:1.8.0_101]
	at java.util.concurrent.ThreadPoolExecutor$Worker.run(ThreadPoolExecutor.java:617) [?:1.8.0_101]
	at java.lang.Thread.run(Thread.java:745) [?:1.8.0_101]
INFO  2019-11-17 05:02:38,686 [Mule.app.deployer.monitor.1.thread.1] org.mule.module.launcher.application.DefaultMuleApplication: App 'contact-management-prc-api' never started, nothing to dispose of
INFO  2019-11-17 05:05:08,970 [Mule.app.deployer.monitor.1.thread.1] org.mule.module.launcher.application.DefaultMuleApplication: 
++++++++++++++++++++++++++++++++++++++++++++++++++++++++++++
+ Initializing app 'contact-management-prc-api'            +
++++++++++++++++++++++++++++++++++++++++++++++++++++++++++++
INFO  2019-11-17 05:05:08,982 [Mule.app.deployer.monitor.1.thread.1] org.mule.lifecycle.AbstractLifecycleManager: Initialising RegistryBroker
INFO  2019-11-17 05:05:08,988 [Mule.app.deployer.monitor.1.thread.1] org.mule.module.extension.internal.manager.DefaultExtensionManager: Starting discovery of extensions
INFO  2019-11-17 05:05:09,007 [Mule.app.deployer.monitor.1.thread.1] org.mule.module.extension.internal.manager.DefaultExtensionManager: Discovered 1 extensions
INFO  2019-11-17 05:05:09,007 [Mule.app.deployer.monitor.1.thread.1] org.mule.module.extension.internal.manager.DefaultExtensionManager: Registering extension validation (version 3.9)
INFO  2019-11-17 05:05:09,020 [Mule.app.deployer.monitor.1.thread.1] org.mule.config.spring.MuleArtifactContext: Refreshing org.mule.config.spring.MuleArtifactContext@731cbfdb: startup date [Sun Nov 17 05:05:09 EST 2019]; root of context hierarchy
INFO  2019-11-17 05:05:09,738 [Mule.app.deployer.monitor.1.thread.1] org.mule.lifecycle.AbstractLifecycleManager: Disposing RegistryBroker
ERROR 2019-11-17 05:05:09,739 [Mule.app.deployer.monitor.1.thread.1] org.mule.module.launcher.application.DefaultMuleApplication: null
org.xml.sax.SAXParseException: cvc-complex-type.4: Attribute 'name' must appear on element 'db:in-param'.
	at com.sun.org.apache.xerces.internal.util.ErrorHandlerWrapper.createSAXParseException(ErrorHandlerWrapper.java:203) ~[?:1.8.0_101]
	at com.sun.org.apache.xerces.internal.util.ErrorHandlerWrapper.error(ErrorHandlerWrapper.java:134) ~[?:1.8.0_101]
	at com.sun.org.apache.xerces.internal.impl.XMLErrorReporter.reportError(XMLErrorReporter.java:396) ~[?:1.8.0_101]
	at com.sun.org.apache.xerces.internal.impl.XMLErrorReporter.reportError(XMLErrorReporter.java:327) ~[?:1.8.0_101]
	at com.sun.org.apache.xerces.internal.impl.XMLErrorReporter.reportError(XMLErrorReporter.java:284) ~[?:1.8.0_101]
	at com.sun.org.apache.xerces.internal.impl.xs.XMLSchemaValidator$XSIErrorReporter.reportError(XMLSchemaValidator.java:452) ~[?:1.8.0_101]
	at com.sun.org.apache.xerces.internal.impl.xs.XMLSchemaValidator.reportSchemaError(XMLSchemaValidator.java:3230) ~[?:1.8.0_101]
	at com.sun.org.apache.xerces.internal.impl.xs.XMLSchemaValidator.addDefaultAttributes(XMLSchemaValidator.java:2936) ~[?:1.8.0_101]
	at com.sun.org.apache.xerces.internal.impl.xs.XMLSchemaValidator.handleStartElement(XMLSchemaValidator.java:2054) ~[?:1.8.0_101]
	at com.sun.org.apache.xerces.internal.impl.xs.XMLSchemaValidator.emptyElement(XMLSchemaValidator.java:760) ~[?:1.8.0_101]
	at com.sun.org.apache.xerces.internal.impl.XMLNSDocumentScannerImpl.scanStartElement(XMLNSDocumentScannerImpl.java:357) ~[?:1.8.0_101]
	at com.sun.org.apache.xerces.internal.impl.XMLDocumentFragmentScannerImpl$FragmentContentDriver.next(XMLDocumentFragmentScannerImpl.java:2781) ~[?:1.8.0_101]
	at com.sun.org.apache.xerces.internal.impl.XMLDocumentScannerImpl.next(XMLDocumentScannerImpl.java:606) ~[?:1.8.0_101]
	at com.sun.org.apache.xerces.internal.impl.XMLNSDocumentScannerImpl.next(XMLNSDocumentScannerImpl.java:118) ~[?:1.8.0_101]
	at com.sun.org.apache.xerces.internal.impl.XMLDocumentFragmentScannerImpl.scanDocument(XMLDocumentFragmentScannerImpl.java:504) ~[?:1.8.0_101]
	at com.sun.org.apache.xerces.internal.parsers.XML11Configuration.parse(XML11Configuration.java:848) ~[?:1.8.0_101]
	at com.sun.org.apache.xerces.internal.parsers.XML11Configuration.parse(XML11Configuration.java:777) ~[?:1.8.0_101]
	at com.sun.org.apache.xerces.internal.parsers.XMLParser.parse(XMLParser.java:141) ~[?:1.8.0_101]
	at com.sun.org.apache.xerces.internal.parsers.DOMParser.parse(DOMParser.java:243) ~[?:1.8.0_101]
	at com.sun.org.apache.xerces.internal.jaxp.DocumentBuilderImpl.parse(DocumentBuilderImpl.java:339) ~[?:1.8.0_101]
	at org.springframework.beans.factory.xml.DefaultDocumentLoader.loadDocument(DefaultDocumentLoader.java:76) ~[spring-beans-4.1.9.RELEASE.jar:4.1.9.RELEASE]
	at org.mule.config.spring.MuleDocumentLoader.loadDocument(MuleDocumentLoader.java:91) ~[mule-module-spring-config-3.9.3.jar:3.9.3]
	at org.springframework.beans.factory.xml.XmlBeanDefinitionReader.doLoadDocument(XmlBeanDefinitionReader.java:429) ~[spring-beans-4.1.9.RELEASE.jar:4.1.9.RELEASE]
	at org.springframework.beans.factory.xml.XmlBeanDefinitionReader.doLoadBeanDefinitions(XmlBeanDefinitionReader.java:391) ~[spring-beans-4.1.9.RELEASE.jar:4.1.9.RELEASE]
	at org.springframework.beans.factory.xml.XmlBeanDefinitionReader.loadBeanDefinitions(XmlBeanDefinitionReader.java:336) ~[spring-beans-4.1.9.RELEASE.jar:4.1.9.RELEASE]
	at org.springframework.beans.factory.xml.XmlBeanDefinitionReader.loadBeanDefinitions(XmlBeanDefinitionReader.java:304) ~[spring-beans-4.1.9.RELEASE.jar:4.1.9.RELEASE]
	at org.springframework.beans.factory.support.AbstractBeanDefinitionReader.loadBeanDefinitions(AbstractBeanDefinitionReader.java:181) ~[spring-beans-4.1.9.RELEASE.jar:4.1.9.RELEASE]
	at org.mule.config.spring.MuleArtifactContext.loadBeanDefinitions(MuleArtifactContext.java:199) ~[mule-module-spring-config-3.9.3.jar:3.9.3]
	at org.springframework.context.support.AbstractRefreshableApplicationContext.refreshBeanFactory(AbstractRefreshableApplicationContext.java:129) ~[spring-context-4.1.9.RELEASE.jar:4.1.9.RELEASE]
	at org.springframework.context.support.AbstractApplicationContext.obtainFreshBeanFactory(AbstractApplicationContext.java:541) ~[spring-context-4.1.9.RELEASE.jar:4.1.9.RELEASE]
	at org.springframework.context.support.AbstractApplicationContext.refresh(AbstractApplicationContext.java:452) ~[spring-context-4.1.9.RELEASE.jar:4.1.9.RELEASE]
	at org.mule.config.spring.SpringRegistry.doInitialise(SpringRegistry.java:108) ~[mule-module-spring-config-3.9.3.jar:3.9.3]
	at org.mule.registry.AbstractRegistry.initialise(AbstractRegistry.java:104) ~[mule-core-3.9.3.jar:3.9.3]
	at org.mule.config.spring.SpringXmlConfigurationBuilder.createSpringRegistry(SpringXmlConfigurationBuilder.java:177) ~[mule-module-spring-config-3.9.3.jar:3.9.3]
	at org.mule.config.spring.SpringXmlConfigurationBuilder.doConfigure(SpringXmlConfigurationBuilder.java:100) ~[mule-module-spring-config-3.9.3.jar:3.9.3]
	at org.mule.config.builders.AbstractConfigurationBuilder.configure(AbstractConfigurationBuilder.java:43) ~[mule-core-3.9.3.jar:3.9.3]
	at org.mule.config.builders.AbstractResourceConfigurationBuilder.configure(AbstractResourceConfigurationBuilder.java:69) ~[mule-core-3.9.3.jar:3.9.3]
	at org.mule.config.builders.AutoConfigurationBuilder.autoConfigure(AutoConfigurationBuilder.java:102) ~[mule-core-3.9.3.jar:3.9.3]
	at org.mule.config.builders.AutoConfigurationBuilder.doConfigure(AutoConfigurationBuilder.java:54) ~[mule-core-3.9.3.jar:3.9.3]
	at org.mule.config.builders.AbstractConfigurationBuilder.configure(AbstractConfigurationBuilder.java:43) ~[mule-core-3.9.3.jar:3.9.3]
	at org.mule.config.builders.AbstractResourceConfigurationBuilder.configure(AbstractResourceConfigurationBuilder.java:69) ~[mule-core-3.9.3.jar:3.9.3]
	at org.mule.context.DefaultMuleContextFactory$1.configure(DefaultMuleContextFactory.java:89) ~[mule-core-3.9.3.jar:3.9.3]
	at org.mule.context.DefaultMuleContextFactory.doCreateMuleContext(DefaultMuleContextFactory.java:222) ~[mule-core-3.9.3.jar:3.9.3]
	at org.mule.context.DefaultMuleContextFactory.createMuleContext(DefaultMuleContextFactory.java:81) ~[mule-core-3.9.3.jar:3.9.3]
	at org.mule.module.launcher.application.DefaultMuleApplication.init(DefaultMuleApplication.java:210) ~[mule-module-launcher-3.9.3.jar:3.9.3]
	at org.mule.module.launcher.artifact.ArtifactWrapper$2.execute(ArtifactWrapper.java:64) ~[mule-module-launcher-3.9.3.jar:3.9.3]
	at org.mule.module.launcher.artifact.ArtifactWrapper.executeWithinArtifactClassLoader(ArtifactWrapper.java:137) ~[mule-module-launcher-3.9.3.jar:3.9.3]
	at org.mule.module.launcher.artifact.ArtifactWrapper.init(ArtifactWrapper.java:59) ~[mule-module-launcher-3.9.3.jar:3.9.3]
	at org.mule.module.launcher.DefaultArtifactDeployer.deploy(DefaultArtifactDeployer.java:72) ~[mule-module-launcher-3.9.3.jar:3.9.3]
	at org.mule.module.launcher.DefaultArchiveDeployer.deployArtifact(DefaultArchiveDeployer.java:547) ~[mule-module-launcher-3.9.3.jar:3.9.3]
	at org.mule.module.launcher.DefaultArchiveDeployer.deployArtifact(DefaultArchiveDeployer.java:325) ~[mule-module-launcher-3.9.3.jar:3.9.3]
	at org.mule.module.launcher.DefaultArchiveDeployer.deployExplodedApp(DefaultArchiveDeployer.java:317) ~[mule-module-launcher-3.9.3.jar:3.9.3]
	at org.mule.module.launcher.DefaultArchiveDeployer.deployExplodedArtifact(DefaultArchiveDeployer.java:100) ~[mule-module-launcher-3.9.3.jar:3.9.3]
	at org.mule.module.launcher.DeploymentDirectoryWatcher.deployExplodedApps(DeploymentDirectoryWatcher.java:299) ~[mule-module-launcher-3.9.3.jar:3.9.3]
	at org.mule.module.launcher.DeploymentDirectoryWatcher.run(DeploymentDirectoryWatcher.java:372) ~[mule-module-launcher-3.9.3.jar:3.9.3]
	at java.util.concurrent.Executors$RunnableAdapter.call(Executors.java:511) ~[?:1.8.0_101]
	at java.util.concurrent.FutureTask.runAndReset(FutureTask.java:308) ~[?:1.8.0_101]
	at java.util.concurrent.ScheduledThreadPoolExecutor$ScheduledFutureTask.access$301(ScheduledThreadPoolExecutor.java:180) ~[?:1.8.0_101]
	at java.util.concurrent.ScheduledThreadPoolExecutor$ScheduledFutureTask.run(ScheduledThreadPoolExecutor.java:294) ~[?:1.8.0_101]
	at java.util.concurrent.ThreadPoolExecutor.runWorker(ThreadPoolExecutor.java:1142) [?:1.8.0_101]
	at java.util.concurrent.ThreadPoolExecutor$Worker.run(ThreadPoolExecutor.java:617) [?:1.8.0_101]
	at java.lang.Thread.run(Thread.java:745) [?:1.8.0_101]
INFO  2019-11-17 05:05:09,740 [Mule.app.deployer.monitor.1.thread.1] org.mule.module.launcher.application.DefaultMuleApplication: App 'contact-management-prc-api' never started, nothing to dispose of
INFO  2019-11-17 05:08:15,089 [Mule.app.deployer.monitor.1.thread.1] org.mule.module.launcher.application.DefaultMuleApplication: 
++++++++++++++++++++++++++++++++++++++++++++++++++++++++++++
+ Initializing app 'contact-management-prc-api'            +
++++++++++++++++++++++++++++++++++++++++++++++++++++++++++++
INFO  2019-11-17 05:08:15,101 [Mule.app.deployer.monitor.1.thread.1] org.mule.lifecycle.AbstractLifecycleManager: Initialising RegistryBroker
INFO  2019-11-17 05:08:15,119 [Mule.app.deployer.monitor.1.thread.1] org.mule.module.extension.internal.manager.DefaultExtensionManager: Starting discovery of extensions
INFO  2019-11-17 05:08:15,176 [Mule.app.deployer.monitor.1.thread.1] org.mule.module.extension.internal.manager.DefaultExtensionManager: Discovered 1 extensions
INFO  2019-11-17 05:08:15,176 [Mule.app.deployer.monitor.1.thread.1] org.mule.module.extension.internal.manager.DefaultExtensionManager: Registering extension validation (version 3.9)
INFO  2019-11-17 05:08:15,179 [Mule.app.deployer.monitor.1.thread.1] org.mule.config.spring.MuleArtifactContext: Refreshing org.mule.config.spring.MuleArtifactContext@2394ed01: startup date [Sun Nov 17 05:08:15 EST 2019]; root of context hierarchy
INFO  2019-11-17 05:08:16,119 [Mule.app.deployer.monitor.1.thread.1] org.mule.lifecycle.AbstractLifecycleManager: Disposing RegistryBroker
ERROR 2019-11-17 05:08:16,131 [Mule.app.deployer.monitor.1.thread.1] org.mule.module.launcher.application.DefaultMuleApplication: null
org.xml.sax.SAXParseException: cvc-complex-type.4: Attribute 'name' must appear on element 'db:in-param'.
	at com.sun.org.apache.xerces.internal.util.ErrorHandlerWrapper.createSAXParseException(ErrorHandlerWrapper.java:203) ~[?:1.8.0_101]
	at com.sun.org.apache.xerces.internal.util.ErrorHandlerWrapper.error(ErrorHandlerWrapper.java:134) ~[?:1.8.0_101]
	at com.sun.org.apache.xerces.internal.impl.XMLErrorReporter.reportError(XMLErrorReporter.java:396) ~[?:1.8.0_101]
	at com.sun.org.apache.xerces.internal.impl.XMLErrorReporter.reportError(XMLErrorReporter.java:327) ~[?:1.8.0_101]
	at com.sun.org.apache.xerces.internal.impl.XMLErrorReporter.reportError(XMLErrorReporter.java:284) ~[?:1.8.0_101]
	at com.sun.org.apache.xerces.internal.impl.xs.XMLSchemaValidator$XSIErrorReporter.reportError(XMLSchemaValidator.java:452) ~[?:1.8.0_101]
	at com.sun.org.apache.xerces.internal.impl.xs.XMLSchemaValidator.reportSchemaError(XMLSchemaValidator.java:3230) ~[?:1.8.0_101]
	at com.sun.org.apache.xerces.internal.impl.xs.XMLSchemaValidator.addDefaultAttributes(XMLSchemaValidator.java:2936) ~[?:1.8.0_101]
	at com.sun.org.apache.xerces.internal.impl.xs.XMLSchemaValidator.handleStartElement(XMLSchemaValidator.java:2054) ~[?:1.8.0_101]
	at com.sun.org.apache.xerces.internal.impl.xs.XMLSchemaValidator.emptyElement(XMLSchemaValidator.java:760) ~[?:1.8.0_101]
	at com.sun.org.apache.xerces.internal.impl.XMLNSDocumentScannerImpl.scanStartElement(XMLNSDocumentScannerImpl.java:357) ~[?:1.8.0_101]
	at com.sun.org.apache.xerces.internal.impl.XMLDocumentFragmentScannerImpl$FragmentContentDriver.next(XMLDocumentFragmentScannerImpl.java:2781) ~[?:1.8.0_101]
	at com.sun.org.apache.xerces.internal.impl.XMLDocumentScannerImpl.next(XMLDocumentScannerImpl.java:606) ~[?:1.8.0_101]
	at com.sun.org.apache.xerces.internal.impl.XMLNSDocumentScannerImpl.next(XMLNSDocumentScannerImpl.java:118) ~[?:1.8.0_101]
	at com.sun.org.apache.xerces.internal.impl.XMLDocumentFragmentScannerImpl.scanDocument(XMLDocumentFragmentScannerImpl.java:504) ~[?:1.8.0_101]
	at com.sun.org.apache.xerces.internal.parsers.XML11Configuration.parse(XML11Configuration.java:848) ~[?:1.8.0_101]
	at com.sun.org.apache.xerces.internal.parsers.XML11Configuration.parse(XML11Configuration.java:777) ~[?:1.8.0_101]
	at com.sun.org.apache.xerces.internal.parsers.XMLParser.parse(XMLParser.java:141) ~[?:1.8.0_101]
	at com.sun.org.apache.xerces.internal.parsers.DOMParser.parse(DOMParser.java:243) ~[?:1.8.0_101]
	at com.sun.org.apache.xerces.internal.jaxp.DocumentBuilderImpl.parse(DocumentBuilderImpl.java:339) ~[?:1.8.0_101]
	at org.springframework.beans.factory.xml.DefaultDocumentLoader.loadDocument(DefaultDocumentLoader.java:76) ~[spring-beans-4.1.9.RELEASE.jar:4.1.9.RELEASE]
	at org.mule.config.spring.MuleDocumentLoader.loadDocument(MuleDocumentLoader.java:91) ~[mule-module-spring-config-3.9.3.jar:3.9.3]
	at org.springframework.beans.factory.xml.XmlBeanDefinitionReader.doLoadDocument(XmlBeanDefinitionReader.java:429) ~[spring-beans-4.1.9.RELEASE.jar:4.1.9.RELEASE]
	at org.springframework.beans.factory.xml.XmlBeanDefinitionReader.doLoadBeanDefinitions(XmlBeanDefinitionReader.java:391) ~[spring-beans-4.1.9.RELEASE.jar:4.1.9.RELEASE]
	at org.springframework.beans.factory.xml.XmlBeanDefinitionReader.loadBeanDefinitions(XmlBeanDefinitionReader.java:336) ~[spring-beans-4.1.9.RELEASE.jar:4.1.9.RELEASE]
	at org.springframework.beans.factory.xml.XmlBeanDefinitionReader.loadBeanDefinitions(XmlBeanDefinitionReader.java:304) ~[spring-beans-4.1.9.RELEASE.jar:4.1.9.RELEASE]
	at org.springframework.beans.factory.support.AbstractBeanDefinitionReader.loadBeanDefinitions(AbstractBeanDefinitionReader.java:181) ~[spring-beans-4.1.9.RELEASE.jar:4.1.9.RELEASE]
	at org.mule.config.spring.MuleArtifactContext.loadBeanDefinitions(MuleArtifactContext.java:199) ~[mule-module-spring-config-3.9.3.jar:3.9.3]
	at org.springframework.context.support.AbstractRefreshableApplicationContext.refreshBeanFactory(AbstractRefreshableApplicationContext.java:129) ~[spring-context-4.1.9.RELEASE.jar:4.1.9.RELEASE]
	at org.springframework.context.support.AbstractApplicationContext.obtainFreshBeanFactory(AbstractApplicationContext.java:541) ~[spring-context-4.1.9.RELEASE.jar:4.1.9.RELEASE]
	at org.springframework.context.support.AbstractApplicationContext.refresh(AbstractApplicationContext.java:452) ~[spring-context-4.1.9.RELEASE.jar:4.1.9.RELEASE]
	at org.mule.config.spring.SpringRegistry.doInitialise(SpringRegistry.java:108) ~[mule-module-spring-config-3.9.3.jar:3.9.3]
	at org.mule.registry.AbstractRegistry.initialise(AbstractRegistry.java:104) ~[mule-core-3.9.3.jar:3.9.3]
	at org.mule.config.spring.SpringXmlConfigurationBuilder.createSpringRegistry(SpringXmlConfigurationBuilder.java:177) ~[mule-module-spring-config-3.9.3.jar:3.9.3]
	at org.mule.config.spring.SpringXmlConfigurationBuilder.doConfigure(SpringXmlConfigurationBuilder.java:100) ~[mule-module-spring-config-3.9.3.jar:3.9.3]
	at org.mule.config.builders.AbstractConfigurationBuilder.configure(AbstractConfigurationBuilder.java:43) ~[mule-core-3.9.3.jar:3.9.3]
	at org.mule.config.builders.AbstractResourceConfigurationBuilder.configure(AbstractResourceConfigurationBuilder.java:69) ~[mule-core-3.9.3.jar:3.9.3]
	at org.mule.config.builders.AutoConfigurationBuilder.autoConfigure(AutoConfigurationBuilder.java:102) ~[mule-core-3.9.3.jar:3.9.3]
	at org.mule.config.builders.AutoConfigurationBuilder.doConfigure(AutoConfigurationBuilder.java:54) ~[mule-core-3.9.3.jar:3.9.3]
	at org.mule.config.builders.AbstractConfigurationBuilder.configure(AbstractConfigurationBuilder.java:43) ~[mule-core-3.9.3.jar:3.9.3]
	at org.mule.config.builders.AbstractResourceConfigurationBuilder.configure(AbstractResourceConfigurationBuilder.java:69) ~[mule-core-3.9.3.jar:3.9.3]
	at org.mule.context.DefaultMuleContextFactory$1.configure(DefaultMuleContextFactory.java:89) ~[mule-core-3.9.3.jar:3.9.3]
	at org.mule.context.DefaultMuleContextFactory.doCreateMuleContext(DefaultMuleContextFactory.java:222) ~[mule-core-3.9.3.jar:3.9.3]
	at org.mule.context.DefaultMuleContextFactory.createMuleContext(DefaultMuleContextFactory.java:81) ~[mule-core-3.9.3.jar:3.9.3]
	at org.mule.module.launcher.application.DefaultMuleApplication.init(DefaultMuleApplication.java:210) ~[mule-module-launcher-3.9.3.jar:3.9.3]
	at org.mule.module.launcher.artifact.ArtifactWrapper$2.execute(ArtifactWrapper.java:64) ~[mule-module-launcher-3.9.3.jar:3.9.3]
	at org.mule.module.launcher.artifact.ArtifactWrapper.executeWithinArtifactClassLoader(ArtifactWrapper.java:137) ~[mule-module-launcher-3.9.3.jar:3.9.3]
	at org.mule.module.launcher.artifact.ArtifactWrapper.init(ArtifactWrapper.java:59) ~[mule-module-launcher-3.9.3.jar:3.9.3]
	at org.mule.module.launcher.DefaultArtifactDeployer.deploy(DefaultArtifactDeployer.java:72) ~[mule-module-launcher-3.9.3.jar:3.9.3]
	at org.mule.module.launcher.DefaultArchiveDeployer.deployArtifact(DefaultArchiveDeployer.java:547) ~[mule-module-launcher-3.9.3.jar:3.9.3]
	at org.mule.module.launcher.DefaultArchiveDeployer.deployArtifact(DefaultArchiveDeployer.java:325) ~[mule-module-launcher-3.9.3.jar:3.9.3]
	at org.mule.module.launcher.DefaultArchiveDeployer.deployExplodedApp(DefaultArchiveDeployer.java:317) ~[mule-module-launcher-3.9.3.jar:3.9.3]
	at org.mule.module.launcher.DefaultArchiveDeployer.deployExplodedArtifact(DefaultArchiveDeployer.java:100) ~[mule-module-launcher-3.9.3.jar:3.9.3]
	at org.mule.module.launcher.DeploymentDirectoryWatcher.deployExplodedApps(DeploymentDirectoryWatcher.java:299) ~[mule-module-launcher-3.9.3.jar:3.9.3]
	at org.mule.module.launcher.DeploymentDirectoryWatcher.run(DeploymentDirectoryWatcher.java:372) ~[mule-module-launcher-3.9.3.jar:3.9.3]
	at java.util.concurrent.Executors$RunnableAdapter.call(Executors.java:511) ~[?:1.8.0_101]
	at java.util.concurrent.FutureTask.runAndReset(FutureTask.java:308) ~[?:1.8.0_101]
	at java.util.concurrent.ScheduledThreadPoolExecutor$ScheduledFutureTask.access$301(ScheduledThreadPoolExecutor.java:180) ~[?:1.8.0_101]
	at java.util.concurrent.ScheduledThreadPoolExecutor$ScheduledFutureTask.run(ScheduledThreadPoolExecutor.java:294) ~[?:1.8.0_101]
	at java.util.concurrent.ThreadPoolExecutor.runWorker(ThreadPoolExecutor.java:1142) [?:1.8.0_101]
	at java.util.concurrent.ThreadPoolExecutor$Worker.run(ThreadPoolExecutor.java:617) [?:1.8.0_101]
	at java.lang.Thread.run(Thread.java:745) [?:1.8.0_101]
INFO  2019-11-17 05:08:16,134 [Mule.app.deployer.monitor.1.thread.1] org.mule.module.launcher.application.DefaultMuleApplication: App 'contact-management-prc-api' never started, nothing to dispose of
INFO  2019-11-17 05:22:32,426 [Mule.app.deployer.monitor.1.thread.1] org.mule.module.launcher.application.DefaultMuleApplication: 
++++++++++++++++++++++++++++++++++++++++++++++++++++++++++++
+ Initializing app 'contact-management-prc-api'            +
++++++++++++++++++++++++++++++++++++++++++++++++++++++++++++
INFO  2019-11-17 05:22:32,442 [Mule.app.deployer.monitor.1.thread.1] org.mule.lifecycle.AbstractLifecycleManager: Initialising RegistryBroker
INFO  2019-11-17 05:22:32,451 [Mule.app.deployer.monitor.1.thread.1] org.mule.module.extension.internal.manager.DefaultExtensionManager: Starting discovery of extensions
INFO  2019-11-17 05:22:32,472 [Mule.app.deployer.monitor.1.thread.1] org.mule.module.extension.internal.manager.DefaultExtensionManager: Discovered 1 extensions
INFO  2019-11-17 05:22:32,472 [Mule.app.deployer.monitor.1.thread.1] org.mule.module.extension.internal.manager.DefaultExtensionManager: Registering extension validation (version 3.9)
INFO  2019-11-17 05:22:32,477 [Mule.app.deployer.monitor.1.thread.1] org.mule.config.spring.MuleArtifactContext: Refreshing org.mule.config.spring.MuleArtifactContext@729df3d9: startup date [Sun Nov 17 05:22:32 EST 2019]; root of context hierarchy
INFO  2019-11-17 05:22:32,888 [Mule.app.deployer.monitor.1.thread.1] org.mule.lifecycle.AbstractLifecycleManager: Disposing RegistryBroker
ERROR 2019-11-17 05:22:32,891 [Mule.app.deployer.monitor.1.thread.1] org.mule.module.launcher.application.DefaultMuleApplication: null
org.xml.sax.SAXParseException: cvc-complex-type.4: Attribute 'name' must appear on element 'db:in-param'.
	at com.sun.org.apache.xerces.internal.util.ErrorHandlerWrapper.createSAXParseException(ErrorHandlerWrapper.java:203) ~[?:1.8.0_101]
	at com.sun.org.apache.xerces.internal.util.ErrorHandlerWrapper.error(ErrorHandlerWrapper.java:134) ~[?:1.8.0_101]
	at com.sun.org.apache.xerces.internal.impl.XMLErrorReporter.reportError(XMLErrorReporter.java:396) ~[?:1.8.0_101]
	at com.sun.org.apache.xerces.internal.impl.XMLErrorReporter.reportError(XMLErrorReporter.java:327) ~[?:1.8.0_101]
	at com.sun.org.apache.xerces.internal.impl.XMLErrorReporter.reportError(XMLErrorReporter.java:284) ~[?:1.8.0_101]
	at com.sun.org.apache.xerces.internal.impl.xs.XMLSchemaValidator$XSIErrorReporter.reportError(XMLSchemaValidator.java:452) ~[?:1.8.0_101]
	at com.sun.org.apache.xerces.internal.impl.xs.XMLSchemaValidator.reportSchemaError(XMLSchemaValidator.java:3230) ~[?:1.8.0_101]
	at com.sun.org.apache.xerces.internal.impl.xs.XMLSchemaValidator.addDefaultAttributes(XMLSchemaValidator.java:2936) ~[?:1.8.0_101]
	at com.sun.org.apache.xerces.internal.impl.xs.XMLSchemaValidator.handleStartElement(XMLSchemaValidator.java:2054) ~[?:1.8.0_101]
	at com.sun.org.apache.xerces.internal.impl.xs.XMLSchemaValidator.emptyElement(XMLSchemaValidator.java:760) ~[?:1.8.0_101]
	at com.sun.org.apache.xerces.internal.impl.XMLNSDocumentScannerImpl.scanStartElement(XMLNSDocumentScannerImpl.java:357) ~[?:1.8.0_101]
	at com.sun.org.apache.xerces.internal.impl.XMLDocumentFragmentScannerImpl$FragmentContentDriver.next(XMLDocumentFragmentScannerImpl.java:2781) ~[?:1.8.0_101]
	at com.sun.org.apache.xerces.internal.impl.XMLDocumentScannerImpl.next(XMLDocumentScannerImpl.java:606) ~[?:1.8.0_101]
	at com.sun.org.apache.xerces.internal.impl.XMLNSDocumentScannerImpl.next(XMLNSDocumentScannerImpl.java:118) ~[?:1.8.0_101]
	at com.sun.org.apache.xerces.internal.impl.XMLDocumentFragmentScannerImpl.scanDocument(XMLDocumentFragmentScannerImpl.java:504) ~[?:1.8.0_101]
	at com.sun.org.apache.xerces.internal.parsers.XML11Configuration.parse(XML11Configuration.java:848) ~[?:1.8.0_101]
	at com.sun.org.apache.xerces.internal.parsers.XML11Configuration.parse(XML11Configuration.java:777) ~[?:1.8.0_101]
	at com.sun.org.apache.xerces.internal.parsers.XMLParser.parse(XMLParser.java:141) ~[?:1.8.0_101]
	at com.sun.org.apache.xerces.internal.parsers.DOMParser.parse(DOMParser.java:243) ~[?:1.8.0_101]
	at com.sun.org.apache.xerces.internal.jaxp.DocumentBuilderImpl.parse(DocumentBuilderImpl.java:339) ~[?:1.8.0_101]
	at org.springframework.beans.factory.xml.DefaultDocumentLoader.loadDocument(DefaultDocumentLoader.java:76) ~[spring-beans-4.1.9.RELEASE.jar:4.1.9.RELEASE]
	at org.mule.config.spring.MuleDocumentLoader.loadDocument(MuleDocumentLoader.java:91) ~[mule-module-spring-config-3.9.3.jar:3.9.3]
	at org.springframework.beans.factory.xml.XmlBeanDefinitionReader.doLoadDocument(XmlBeanDefinitionReader.java:429) ~[spring-beans-4.1.9.RELEASE.jar:4.1.9.RELEASE]
	at org.springframework.beans.factory.xml.XmlBeanDefinitionReader.doLoadBeanDefinitions(XmlBeanDefinitionReader.java:391) ~[spring-beans-4.1.9.RELEASE.jar:4.1.9.RELEASE]
	at org.springframework.beans.factory.xml.XmlBeanDefinitionReader.loadBeanDefinitions(XmlBeanDefinitionReader.java:336) ~[spring-beans-4.1.9.RELEASE.jar:4.1.9.RELEASE]
	at org.springframework.beans.factory.xml.XmlBeanDefinitionReader.loadBeanDefinitions(XmlBeanDefinitionReader.java:304) ~[spring-beans-4.1.9.RELEASE.jar:4.1.9.RELEASE]
	at org.springframework.beans.factory.support.AbstractBeanDefinitionReader.loadBeanDefinitions(AbstractBeanDefinitionReader.java:181) ~[spring-beans-4.1.9.RELEASE.jar:4.1.9.RELEASE]
	at org.mule.config.spring.MuleArtifactContext.loadBeanDefinitions(MuleArtifactContext.java:199) ~[mule-module-spring-config-3.9.3.jar:3.9.3]
	at org.springframework.context.support.AbstractRefreshableApplicationContext.refreshBeanFactory(AbstractRefreshableApplicationContext.java:129) ~[spring-context-4.1.9.RELEASE.jar:4.1.9.RELEASE]
	at org.springframework.context.support.AbstractApplicationContext.obtainFreshBeanFactory(AbstractApplicationContext.java:541) ~[spring-context-4.1.9.RELEASE.jar:4.1.9.RELEASE]
	at org.springframework.context.support.AbstractApplicationContext.refresh(AbstractApplicationContext.java:452) ~[spring-context-4.1.9.RELEASE.jar:4.1.9.RELEASE]
	at org.mule.config.spring.SpringRegistry.doInitialise(SpringRegistry.java:108) ~[mule-module-spring-config-3.9.3.jar:3.9.3]
	at org.mule.registry.AbstractRegistry.initialise(AbstractRegistry.java:104) ~[mule-core-3.9.3.jar:3.9.3]
	at org.mule.config.spring.SpringXmlConfigurationBuilder.createSpringRegistry(SpringXmlConfigurationBuilder.java:177) ~[mule-module-spring-config-3.9.3.jar:3.9.3]
	at org.mule.config.spring.SpringXmlConfigurationBuilder.doConfigure(SpringXmlConfigurationBuilder.java:100) ~[mule-module-spring-config-3.9.3.jar:3.9.3]
	at org.mule.config.builders.AbstractConfigurationBuilder.configure(AbstractConfigurationBuilder.java:43) ~[mule-core-3.9.3.jar:3.9.3]
	at org.mule.config.builders.AbstractResourceConfigurationBuilder.configure(AbstractResourceConfigurationBuilder.java:69) ~[mule-core-3.9.3.jar:3.9.3]
	at org.mule.config.builders.AutoConfigurationBuilder.autoConfigure(AutoConfigurationBuilder.java:102) ~[mule-core-3.9.3.jar:3.9.3]
	at org.mule.config.builders.AutoConfigurationBuilder.doConfigure(AutoConfigurationBuilder.java:54) ~[mule-core-3.9.3.jar:3.9.3]
	at org.mule.config.builders.AbstractConfigurationBuilder.configure(AbstractConfigurationBuilder.java:43) ~[mule-core-3.9.3.jar:3.9.3]
	at org.mule.config.builders.AbstractResourceConfigurationBuilder.configure(AbstractResourceConfigurationBuilder.java:69) ~[mule-core-3.9.3.jar:3.9.3]
	at org.mule.context.DefaultMuleContextFactory$1.configure(DefaultMuleContextFactory.java:89) ~[mule-core-3.9.3.jar:3.9.3]
	at org.mule.context.DefaultMuleContextFactory.doCreateMuleContext(DefaultMuleContextFactory.java:222) ~[mule-core-3.9.3.jar:3.9.3]
	at org.mule.context.DefaultMuleContextFactory.createMuleContext(DefaultMuleContextFactory.java:81) ~[mule-core-3.9.3.jar:3.9.3]
	at org.mule.module.launcher.application.DefaultMuleApplication.init(DefaultMuleApplication.java:210) ~[mule-module-launcher-3.9.3.jar:3.9.3]
	at org.mule.module.launcher.artifact.ArtifactWrapper$2.execute(ArtifactWrapper.java:64) ~[mule-module-launcher-3.9.3.jar:3.9.3]
	at org.mule.module.launcher.artifact.ArtifactWrapper.executeWithinArtifactClassLoader(ArtifactWrapper.java:137) ~[mule-module-launcher-3.9.3.jar:3.9.3]
	at org.mule.module.launcher.artifact.ArtifactWrapper.init(ArtifactWrapper.java:59) ~[mule-module-launcher-3.9.3.jar:3.9.3]
	at org.mule.module.launcher.DefaultArtifactDeployer.deploy(DefaultArtifactDeployer.java:72) ~[mule-module-launcher-3.9.3.jar:3.9.3]
	at org.mule.module.launcher.DefaultArchiveDeployer.deployArtifact(DefaultArchiveDeployer.java:547) ~[mule-module-launcher-3.9.3.jar:3.9.3]
	at org.mule.module.launcher.DefaultArchiveDeployer.deployArtifact(DefaultArchiveDeployer.java:325) ~[mule-module-launcher-3.9.3.jar:3.9.3]
	at org.mule.module.launcher.DefaultArchiveDeployer.deployExplodedApp(DefaultArchiveDeployer.java:317) ~[mule-module-launcher-3.9.3.jar:3.9.3]
	at org.mule.module.launcher.DefaultArchiveDeployer.deployExplodedArtifact(DefaultArchiveDeployer.java:100) ~[mule-module-launcher-3.9.3.jar:3.9.3]
	at org.mule.module.launcher.DeploymentDirectoryWatcher.deployExplodedApps(DeploymentDirectoryWatcher.java:299) ~[mule-module-launcher-3.9.3.jar:3.9.3]
	at org.mule.module.launcher.DeploymentDirectoryWatcher.run(DeploymentDirectoryWatcher.java:372) ~[mule-module-launcher-3.9.3.jar:3.9.3]
	at java.util.concurrent.Executors$RunnableAdapter.call(Executors.java:511) ~[?:1.8.0_101]
	at java.util.concurrent.FutureTask.runAndReset(FutureTask.java:308) ~[?:1.8.0_101]
	at java.util.concurrent.ScheduledThreadPoolExecutor$ScheduledFutureTask.access$301(ScheduledThreadPoolExecutor.java:180) ~[?:1.8.0_101]
	at java.util.concurrent.ScheduledThreadPoolExecutor$ScheduledFutureTask.run(ScheduledThreadPoolExecutor.java:294) ~[?:1.8.0_101]
	at java.util.concurrent.ThreadPoolExecutor.runWorker(ThreadPoolExecutor.java:1142) [?:1.8.0_101]
	at java.util.concurrent.ThreadPoolExecutor$Worker.run(ThreadPoolExecutor.java:617) [?:1.8.0_101]
	at java.lang.Thread.run(Thread.java:745) [?:1.8.0_101]
INFO  2019-11-17 05:22:32,893 [Mule.app.deployer.monitor.1.thread.1] org.mule.module.launcher.application.DefaultMuleApplication: App 'contact-management-prc-api' never started, nothing to dispose of
