INFO  2019-11-22 11:09:42,679 [main] org.mule.module.launcher.domain.DefaultMuleDomain: 
++++++++++++++++++++++++++++++++++++++++++++++++++++++++++++
+ New domain 'default'                                     +
++++++++++++++++++++++++++++++++++++++++++++++++++++++++++++
INFO  2019-11-22 11:09:42,684 [main] org.mule.module.launcher.domain.DefaultMuleDomain: 
++++++++++++++++++++++++++++++++++++++++++++++++++++++++++++
+ Initializing domain 'default'                            +
++++++++++++++++++++++++++++++++++++++++++++++++++++++++++++
INFO  2019-11-22 11:09:49,728 [main] org.mule.module.launcher.domain.DefaultMuleDomain: 
++++++++++++++++++++++++++++++++++++++++++++++++++++++++++++
+ New domain 'default'                                     +
++++++++++++++++++++++++++++++++++++++++++++++++++++++++++++
INFO  2019-11-22 11:09:49,729 [main] org.mule.module.launcher.domain.DefaultMuleDomain: 
++++++++++++++++++++++++++++++++++++++++++++++++++++++++++++
+ Initializing domain 'default'                            +
++++++++++++++++++++++++++++++++++++++++++++++++++++++++++++
INFO  2019-11-22 11:12:07,555 [main] org.mule.module.launcher.domain.DefaultMuleDomain: 
++++++++++++++++++++++++++++++++++++++++++++++++++++++++++++
+ New domain 'default'                                     +
++++++++++++++++++++++++++++++++++++++++++++++++++++++++++++
INFO  2019-11-22 11:12:07,555 [main] org.mule.module.launcher.domain.DefaultMuleDomain: 
++++++++++++++++++++++++++++++++++++++++++++++++++++++++++++
+ Initializing domain 'default'                            +
++++++++++++++++++++++++++++++++++++++++++++++++++++++++++++
INFO  2019-11-22 11:14:30,106 [main] org.mule.module.launcher.domain.DefaultMuleDomain: 
++++++++++++++++++++++++++++++++++++++++++++++++++++++++++++
+ New domain 'default'                                     +
++++++++++++++++++++++++++++++++++++++++++++++++++++++++++++
INFO  2019-11-22 11:14:30,107 [main] org.mule.module.launcher.domain.DefaultMuleDomain: 
++++++++++++++++++++++++++++++++++++++++++++++++++++++++++++
+ Initializing domain 'default'                            +
++++++++++++++++++++++++++++++++++++++++++++++++++++++++++++
INFO  2019-11-22 12:56:47,413 [main] org.mule.module.launcher.domain.DefaultMuleDomain: 
++++++++++++++++++++++++++++++++++++++++++++++++++++++++++++
+ New domain 'default'                                     +
++++++++++++++++++++++++++++++++++++++++++++++++++++++++++++
INFO  2019-11-22 12:56:47,414 [main] org.mule.module.launcher.domain.DefaultMuleDomain: 
++++++++++++++++++++++++++++++++++++++++++++++++++++++++++++
+ Initializing domain 'default'                            +
++++++++++++++++++++++++++++++++++++++++++++++++++++++++++++
INFO  2019-11-22 14:09:33,796 [main] org.mule.module.launcher.domain.DefaultMuleDomain: 
++++++++++++++++++++++++++++++++++++++++++++++++++++++++++++
+ New domain 'default'                                     +
++++++++++++++++++++++++++++++++++++++++++++++++++++++++++++
INFO  2019-11-22 14:09:33,801 [main] org.mule.module.launcher.domain.DefaultMuleDomain: 
++++++++++++++++++++++++++++++++++++++++++++++++++++++++++++
+ Initializing domain 'default'                            +
++++++++++++++++++++++++++++++++++++++++++++++++++++++++++++
INFO  2019-11-22 17:02:21,225 [Mule.app.deployer.monitor.1.thread.1] org.mule.module.launcher.domain.DefaultMuleDomain: 
++++++++++++++++++++++++++++++++++++++++++++++++++++++++++++
+ Stopping domain 'default'                                +
++++++++++++++++++++++++++++++++++++++++++++++++++++++++++++
INFO  2019-11-22 17:05:12,349 [main] org.mule.module.launcher.domain.DefaultMuleDomain: 
++++++++++++++++++++++++++++++++++++++++++++++++++++++++++++
+ New domain 'default'                                     +
++++++++++++++++++++++++++++++++++++++++++++++++++++++++++++
INFO  2019-11-22 17:05:12,350 [main] org.mule.module.launcher.domain.DefaultMuleDomain: 
++++++++++++++++++++++++++++++++++++++++++++++++++++++++++++
+ Initializing domain 'default'                            +
++++++++++++++++++++++++++++++++++++++++++++++++++++++++++++
INFO  2019-11-22 17:05:20,405 [main] org.mule.module.launcher.domain.DefaultMuleDomain: 
++++++++++++++++++++++++++++++++++++++++++++++++++++++++++++
+ New domain 'default'                                     +
++++++++++++++++++++++++++++++++++++++++++++++++++++++++++++
INFO  2019-11-22 17:05:20,407 [main] org.mule.module.launcher.domain.DefaultMuleDomain: 
++++++++++++++++++++++++++++++++++++++++++++++++++++++++++++
+ Initializing domain 'default'                            +
++++++++++++++++++++++++++++++++++++++++++++++++++++++++++++
INFO  2019-11-22 17:11:36,098 [Mule.app.deployer.monitor.1.thread.1] org.mule.module.launcher.domain.DefaultMuleDomain: 
++++++++++++++++++++++++++++++++++++++++++++++++++++++++++++
+ Stopping domain 'default'                                +
++++++++++++++++++++++++++++++++++++++++++++++++++++++++++++
INFO  2019-11-22 17:11:42,616 [Mule.app.deployer.monitor.1.thread.1] org.mule.module.launcher.domain.DefaultMuleDomain: 
++++++++++++++++++++++++++++++++++++++++++++++++++++++++++++
+ Stopping domain 'default'                                +
++++++++++++++++++++++++++++++++++++++++++++++++++++++++++++
INFO  2019-11-22 17:12:50,618 [main] org.mule.module.launcher.domain.DefaultMuleDomain: 
++++++++++++++++++++++++++++++++++++++++++++++++++++++++++++
+ New domain 'default'                                     +
++++++++++++++++++++++++++++++++++++++++++++++++++++++++++++
INFO  2019-11-22 17:12:50,619 [main] org.mule.module.launcher.domain.DefaultMuleDomain: 
++++++++++++++++++++++++++++++++++++++++++++++++++++++++++++
+ Initializing domain 'default'                            +
++++++++++++++++++++++++++++++++++++++++++++++++++++++++++++
INFO  2019-11-22 17:15:31,768 [main] org.mule.module.launcher.domain.DefaultMuleDomain: 
++++++++++++++++++++++++++++++++++++++++++++++++++++++++++++
+ New domain 'default'                                     +
++++++++++++++++++++++++++++++++++++++++++++++++++++++++++++
INFO  2019-11-22 17:15:31,770 [main] org.mule.module.launcher.domain.DefaultMuleDomain: 
++++++++++++++++++++++++++++++++++++++++++++++++++++++++++++
+ Initializing domain 'default'                            +
++++++++++++++++++++++++++++++++++++++++++++++++++++++++++++
